######################################
# of Nodes:                   20 
# of flows:                   50 
Packet size:                  500 
Speed:                        25 

Throughput:                   472464.00000 
AverageDelay:                 1.13345 
Sent Packets:                 5000.00000 
Received Packets:             2895.00000 
Dropped Packets:              0 
PacketDeliveryRatio:          57.90000 
PacketDropRatio:              52.86000 
Total time:                   50.00000 
Total energy consumption:     2733.13300 
Average Energy per bit:       .00012 
Average Energy per byte:      .00093 
Average energy per packet:    .94409 
total_retransmit:             0 
energy_efficiency(nj/bit):    115697.000000000 
######################################

######################################
# of Nodes:                   40 
# of flows:                   50 
Packet size:                  500 
Speed:                        25 

Throughput:                   537907.20000 
AverageDelay:                 1.22469 
Sent Packets:                 5000.00000 
Received Packets:             3296.00000 
Dropped Packets:              0 
PacketDeliveryRatio:          65.92000 
PacketDropRatio:              41.24000 
Total time:                   50.00000 
Total energy consumption:     5451.27600 
Average Energy per bit:       .00020 
Average Energy per byte:      .00162 
Average energy per packet:    1.65391 
total_retransmit:             0 
energy_efficiency(nj/bit):    202685.000000000 
######################################

######################################
# of Nodes:                   60 
# of flows:                   50 
Packet size:                  500 
Speed:                        25 

Throughput:                   451737.60000 
AverageDelay:                 .74267 
Sent Packets:                 5000.00000 
Received Packets:             2768.00000 
Dropped Packets:              0 
PacketDeliveryRatio:          55.36000 
PacketDropRatio:              54.52000 
Total time:                   50.00000 
Total energy consumption:     8157.21400 
Average Energy per bit:       .00036 
Average Energy per byte:      .00289 
Average energy per packet:    2.94697 
total_retransmit:             0 
energy_efficiency(nj/bit):    361148.000000000 
######################################

######################################
# of Nodes:                   80 
# of flows:                   50 
Packet size:                  500 
Speed:                        25 

Throughput:                   514569.60000 
AverageDelay:                 .97616 
Sent Packets:                 5000.00000 
Received Packets:             3153.00000 
Dropped Packets:              0 
PacketDeliveryRatio:          63.06000 
PacketDropRatio:              40.44000 
Total time:                   50.00000 
Total energy consumption:     10903.63700 
Average Energy per bit:       .00042 
Average Energy per byte:      .00339 
Average energy per packet:    3.45818 
total_retransmit:             0 
energy_efficiency(nj/bit):    423796.000000000 
######################################

######################################
# of Nodes:                   100 
# of flows:                   50 
Packet size:                  500 
Speed:                        25 

Throughput:                   412080.00000 
AverageDelay:                 1.20601 
Sent Packets:                 5000.00000 
Received Packets:             2525.00000 
Dropped Packets:              0 
PacketDeliveryRatio:          50.50000 
PacketDropRatio:              57.30000 
Total time:                   50.00000 
Total energy consumption:     13612.62400 
Average Energy per bit:       .00066 
Average Energy per byte:      .00529 
Average energy per packet:    5.39114 
total_retransmit:             0 
energy_efficiency(nj/bit):    660679.000000000 
######################################

######################################
# of Nodes:                   100 
# of flows:                   10 
Packet size:                  500 
Speed:                        25 

Throughput:                   81313.27000 
AverageDelay:                 .04325 
Sent Packets:                 1000.00000 
Received Packets:             494.00000 
Dropped Packets:              0 
PacketDeliveryRatio:          49.40000 
PacketDropRatio:              61.00000 
Total time:                   49.57420 
Total energy consumption:     13535.63200 
Average Energy per bit:       .00336 
Average Energy per byte:      .02686 
Average energy per packet:    27.40006 
total_retransmit:             0 
energy_efficiency(nj/bit):    3357851.000000000 
######################################

######################################
# of Nodes:                   100 
# of flows:                   20 
Packet size:                  500 
Speed:                        25 

Throughput:                   251491.20000 
AverageDelay:                 .11928 
Sent Packets:                 2000.00000 
Received Packets:             1541.00000 
Dropped Packets:              0 
PacketDeliveryRatio:          77.05000 
PacketDropRatio:              28.30000 
Total time:                   50.00000 
Total energy consumption:     13570.53300 
Average Energy per bit:       .00108 
Average Energy per byte:      .00863 
Average energy per packet:    8.80632 
total_retransmit:             0 
energy_efficiency(nj/bit):    1079205.000000000 
######################################

######################################
# of Nodes:                   100 
# of flows:                   30 
Packet size:                  500 
Speed:                        25 

Throughput:                   254592.00000 
AverageDelay:                 .17807 
Sent Packets:                 3000.00000 
Received Packets:             1560.00000 
Dropped Packets:              0 
PacketDeliveryRatio:          52.00000 
PacketDropRatio:              62.40000 
Total time:                   50.00000 
Total energy consumption:     13564.11300 
Average Energy per bit:       .00107 
Average Energy per byte:      .00852 
Average energy per packet:    8.69494 
total_retransmit:             0 
energy_efficiency(nj/bit):    1065557.000000000 
######################################

######################################
# of Nodes:                   100 
# of flows:                   40 
Packet size:                  500 
Speed:                        25 

Throughput:                   321830.40000 
AverageDelay:                 .35006 
Sent Packets:                 4000.00000 
Received Packets:             1972.00000 
Dropped Packets:              0 
PacketDeliveryRatio:          49.30000 
PacketDropRatio:              67.42000 
Total time:                   50.00000 
Total energy consumption:     13590.36700 
Average Energy per bit:       .00084 
Average Energy per byte:      .00676 
Average energy per packet:    6.89167 
total_retransmit:             0 
energy_efficiency(nj/bit):    844567.000000000 
######################################

######################################
# of Nodes:                   100 
# of flows:                   50 
Packet size:                  500 
Speed:                        25 

Throughput:                   422524.80000 
AverageDelay:                 1.21163 
Sent Packets:                 5000.00000 
Received Packets:             2589.00000 
Dropped Packets:              0 
PacketDeliveryRatio:          51.78000 
PacketDropRatio:              56.28000 
Total time:                   50.00000 
Total energy consumption:     13616.62600 
Average Energy per bit:       .00064 
Average Energy per byte:      .00516 
Average energy per packet:    5.25942 
total_retransmit:             0 
energy_efficiency(nj/bit):    644536.000000000 
######################################

######################################
# of Nodes:                   100 
# of flows:                   50 
Packet size:                  100 
Speed:                        25 

Throughput:                   376339.20000 
AverageDelay:                 1.26029 
Sent Packets:                 5000.00000 
Received Packets:             2306.00000 
Dropped Packets:              0 
PacketDeliveryRatio:          46.12000 
PacketDropRatio:              64.22000 
Total time:                   50.00000 
Total energy consumption:     13616.79800 
Average Energy per bit:       .00072 
Average Energy per byte:      .00579 
Average energy per packet:    5.90494 
total_retransmit:             0 
energy_efficiency(nj/bit):    723645.000000000 
######################################

######################################
# of Nodes:                   100 
# of flows:                   50 
Packet size:                  200 
Speed:                        25 

Throughput:                   559776.00000 
AverageDelay:                 1.05013 
Sent Packets:                 5000.00000 
Received Packets:             3430.00000 
Dropped Packets:              0 
PacketDeliveryRatio:          68.60000 
PacketDropRatio:              35.46000 
Total time:                   50.00000 
Total energy consumption:     13634.28600 
Average Energy per bit:       .00049 
Average Energy per byte:      .00390 
Average energy per packet:    3.97501 
total_retransmit:             0 
energy_efficiency(nj/bit):    487134.000000000 
######################################

######################################
# of Nodes:                   100 
# of flows:                   50 
Packet size:                  300 
Speed:                        25 

Throughput:                   427094.40000 
AverageDelay:                 1.13998 
Sent Packets:                 5000.00000 
Received Packets:             2617.00000 
Dropped Packets:              0 
PacketDeliveryRatio:          52.34000 
PacketDropRatio:              58.32000 
Total time:                   50.00000 
Total energy consumption:     13619.20400 
Average Energy per bit:       .00064 
Average Energy per byte:      .00510 
Average energy per packet:    5.20413 
total_retransmit:             0 
energy_efficiency(nj/bit):    637761.000000000 
######################################

######################################
# of Nodes:                   100 
# of flows:                   50 
Packet size:                  400 
Speed:                        25 

Throughput:                   530073.60000 
AverageDelay:                 1.38324 
Sent Packets:                 5000.00000 
Received Packets:             3248.00000 
Dropped Packets:              0 
PacketDeliveryRatio:          64.96000 
PacketDropRatio:              39.40000 
Total time:                   50.00000 
Total energy consumption:     13632.22200 
Average Energy per bit:       .00051 
Average Energy per byte:      .00411 
Average energy per packet:    4.19711 
total_retransmit:             0 
energy_efficiency(nj/bit):    514352.000000000 
######################################

######################################
# of Nodes:                   100 
# of flows:                   50 
Packet size:                  500 
Speed:                        25 

Throughput:                   371769.60000 
AverageDelay:                 1.18009 
Sent Packets:                 5000.00000 
Received Packets:             2278.00000 
Dropped Packets:              0 
PacketDeliveryRatio:          45.56000 
PacketDropRatio:              66.32000 
Total time:                   50.00000 
Total energy consumption:     13611.43600 
Average Energy per bit:       .00073 
Average Energy per byte:      .00586 
Average energy per packet:    5.97517 
total_retransmit:             0 
energy_efficiency(nj/bit):    732251.000000000 
######################################

######################################
# of Nodes:                   100 
# of flows:                   50 
Packet size:                  500 
Speed:                        25 

Throughput:                   434275.20000 
AverageDelay:                 .58578 
Sent Packets:                 5000.00000 
Received Packets:             2661.00000 
Dropped Packets:              0 
PacketDeliveryRatio:          53.22000 
PacketDropRatio:              55.50000 
Total time:                   50.00000 
Total energy consumption:     13617.96600 
Average Energy per bit:       .00063 
Average Energy per byte:      .00502 
Average energy per packet:    5.11761 
total_retransmit:             0 
energy_efficiency(nj/bit):    627158.000000000 
######################################

######################################
# of Nodes:                   100 
# of flows:                   50 
Packet size:                  500 
Speed:                        10 

Throughput:                   457286.40000 
AverageDelay:                 .83774 
Sent Packets:                 5000.00000 
Received Packets:             2802.00000 
Dropped Packets:              0 
PacketDeliveryRatio:          56.04000 
PacketDropRatio:              50.24000 
Total time:                   50.00000 
Total energy consumption:     13623.99000 
Average Energy per bit:       .00060 
Average Energy per byte:      .00477 
Average energy per packet:    4.86224 
total_retransmit:             0 
energy_efficiency(nj/bit):    595862.000000000 
######################################

######################################
# of Nodes:                   100 
# of flows:                   50 
Packet size:                  500 
Speed:                        15 

Throughput:                   517996.80000 
AverageDelay:                 1.36307 
Sent Packets:                 5000.00000 
Received Packets:             3174.00000 
Dropped Packets:              0 
PacketDeliveryRatio:          63.48000 
PacketDropRatio:              41.32000 
Total time:                   50.00000 
Total energy consumption:     13624.90800 
Average Energy per bit:       .00053 
Average Energy per byte:      .00421 
Average energy per packet:    4.29266 
total_retransmit:             0 
energy_efficiency(nj/bit):    526061.000000000 
######################################

######################################
# of Nodes:                   100 
# of flows:                   50 
Packet size:                  500 
Speed:                        20 

Throughput:                   359856.00000 
AverageDelay:                 1.26346 
Sent Packets:                 5000.00000 
Received Packets:             2205.00000 
Dropped Packets:              0 
PacketDeliveryRatio:          44.10000 
PacketDropRatio:              67.64000 
Total time:                   50.00000 
Total energy consumption:     13615.75100 
Average Energy per bit:       .00076 
Average Energy per byte:      .00605 
Average energy per packet:    6.17494 
total_retransmit:             0 
energy_efficiency(nj/bit):    756733.000000000 
######################################

######################################
# of Nodes:                   100 
# of flows:                   50 
Packet size:                  500 
Speed:                        25 

Throughput:                   376828.80000 
AverageDelay:                 1.73919 
Sent Packets:                 5000.00000 
Received Packets:             2309.00000 
Dropped Packets:              0 
PacketDeliveryRatio:          46.18000 
PacketDropRatio:              63.42000 
Total time:                   50.00000 
Total energy consumption:     13620.53900 
Average Energy per bit:       .00072 
Average Energy per byte:      .00578 
Average energy per packet:    5.89889 
total_retransmit:             0 
energy_efficiency(nj/bit):    722903.000000000 
######################################

