varying number of nodes. flow: 50 packets: 500 speed: 25
---------------------------------------------------------------------
iteration: 0, node: 20
start time: 100, end time: 150
total packets sent: 5000
total packets received: 2204
packets dropped: 3619
avg time for pkt to travel aka end-to-end delay: 3.536265
throughput: 359692.800000 bps
packet delivery ratio: 44.080000
packet drop ratio: 72.380000
end-to-end delay: 7793.929131
total energy consumed: 2725.374000
avg delay: 3.536265

other metrics:
node 2 has the most throughput : 69360.000000 bps
average delay: 3.536265
average energy per packet: 1.236558 joules
average energy per bit: 0.000152 joules
average energy per byte: 0.001212 joules
total retransmit: 0

---------------------------------------------------------------------

---------------------------------------------------------------------
iteration: 1, node: 40
start time: 100, end time: 150
total packets sent: 5000
total packets received: 2705
packets dropped: 2941
avg time for pkt to travel aka end-to-end delay: 1.423012
throughput: 441456.000000 bps
packet delivery ratio: 54.100000
packet drop ratio: 58.820000
end-to-end delay: 3849.248444
total energy consumed: 5447.749000
avg delay: 1.423012

other metrics:
node 10 has the most throughput : 38188.800000 bps
average delay: 1.423012
average energy per packet: 2.013955 joules
average energy per bit: 0.000247 joules
average energy per byte: 0.001974 joules
total retransmit: 0

---------------------------------------------------------------------

---------------------------------------------------------------------
iteration: 2, node: 60
start time: 100, end time: 150
total packets sent: 5000
total packets received: 2396
packets dropped: 3365
avg time for pkt to travel aka end-to-end delay: 1.176471
throughput: 391027.200000 bps
packet delivery ratio: 47.920000
packet drop ratio: 67.300000
end-to-end delay: 2818.823831
total energy consumed: 8159.698000
avg delay: 1.176471

other metrics:
node 2 has the most throughput : 31987.200000 bps
average delay: 1.176471
average energy per packet: 3.405550 joules
average energy per bit: 0.000417 joules
average energy per byte: 0.003339 joules
total retransmit: 0

---------------------------------------------------------------------

---------------------------------------------------------------------
iteration: 3, node: 80
start time: 100, end time: 150
total packets sent: 5000
total packets received: 2515
packets dropped: 3098
avg time for pkt to travel aka end-to-end delay: 0.519283
throughput: 410448.000000 bps
packet delivery ratio: 50.300000
packet drop ratio: 61.960000
end-to-end delay: 1305.995841
total energy consumed: 10875.541000
avg delay: 0.519283

other metrics:
node 78 has the most throughput : 47654.400000 bps
average delay: 0.519283
average energy per packet: 4.324271 joules
average energy per bit: 0.000530 joules
average energy per byte: 0.004239 joules
total retransmit: 0

---------------------------------------------------------------------

---------------------------------------------------------------------
iteration: 4, node: 100
start time: 100, end time: 150
total packets sent: 5000
total packets received: 2439
packets dropped: 3059
avg time for pkt to travel aka end-to-end delay: 1.449664
throughput: 398044.800000 bps
packet delivery ratio: 48.780000
packet drop ratio: 61.180000
end-to-end delay: 3535.729562
total energy consumed: 13608.344000
avg delay: 1.449664

other metrics:
node 76 has the most throughput : 31497.600000 bps
average delay: 1.449664
average energy per packet: 5.579477 joules
average energy per bit: 0.000684 joules
average energy per byte: 0.005470 joules
total retransmit: 0

---------------------------------------------------------------------

varying number of flow. node: 100 packets: 500 speed: 25
---------------------------------------------------------------------
iteration: 0, flows: 10
start time: 100, end time: 149
total packets sent: 1000
total packets received: 398
packets dropped: 602
avg time for pkt to travel aka end-to-end delay: 0.030187
throughput: 65556.243876 bps
packet delivery ratio: 39.800000
packet drop ratio: 60.200000
end-to-end delay: 12.014248
total energy consumed: 13524.334000
avg delay: 0.030187

other metrics:
node 23 has the most throughput : 16471.418059 bps
average delay: 0.030187
average energy per packet: 33.980739 joules
average energy per bit: 0.004164 joules
average energy per byte: 0.033314 joules
total retransmit: 0

---------------------------------------------------------------------

---------------------------------------------------------------------
iteration: 1, flows: 20
start time: 100, end time: 150
total packets sent: 2000
total packets received: 1070
packets dropped: 1186
avg time for pkt to travel aka end-to-end delay: 0.115842
throughput: 174624.000000 bps
packet delivery ratio: 53.500000
packet drop ratio: 59.300000
end-to-end delay: 123.951031
total energy consumed: 13545.736000
avg delay: 0.115842

other metrics:
node 3 has the most throughput : 16320.000000 bps
average delay: 0.115842
average energy per packet: 12.659566 joules
average energy per bit: 0.001551 joules
average energy per byte: 0.012411 joules
total retransmit: 0

---------------------------------------------------------------------

---------------------------------------------------------------------
iteration: 2, flows: 30
start time: 100, end time: 150
total packets sent: 3000
total packets received: 1993
packets dropped: 1316
avg time for pkt to travel aka end-to-end delay: 0.191097
throughput: 325257.600000 bps
packet delivery ratio: 66.433333
packet drop ratio: 43.866667
end-to-end delay: 380.856005
total energy consumed: 13589.390000
avg delay: 0.191097

other metrics:
node 43 has the most throughput : 32640.000000 bps
average delay: 0.191097
average energy per packet: 6.818560 joules
average energy per bit: 0.000836 joules
average energy per byte: 0.006685 joules
total retransmit: 0

---------------------------------------------------------------------

---------------------------------------------------------------------
iteration: 3, flows: 40
start time: 100, end time: 150
total packets sent: 4000
total packets received: 2695
packets dropped: 1612
avg time for pkt to travel aka end-to-end delay: 0.272673
throughput: 439824.000000 bps
packet delivery ratio: 67.375000
packet drop ratio: 40.300000
end-to-end delay: 734.853214
total energy consumed: 13608.613000
avg delay: 0.272673

other metrics:
node 38 has the most throughput : 47164.800000 bps
average delay: 0.272673
average energy per packet: 5.049578 joules
average energy per bit: 0.000619 joules
average energy per byte: 0.004951 joules
total retransmit: 0

---------------------------------------------------------------------

---------------------------------------------------------------------
iteration: 4, flows: 50
start time: 100, end time: 150
total packets sent: 5000
total packets received: 3014
packets dropped: 2256
avg time for pkt to travel aka end-to-end delay: 1.542105
throughput: 491884.800000 bps
packet delivery ratio: 60.280000
packet drop ratio: 45.120000
end-to-end delay: 4647.903007
total energy consumed: 13622.316000
avg delay: 1.542105

other metrics:
node 62 has the most throughput : 34108.800000 bps
average delay: 1.542105
average energy per packet: 4.519680 joules
average energy per bit: 0.000554 joules
average energy per byte: 0.004431 joules
total retransmit: 0

---------------------------------------------------------------------

varying number of packets. node: 100 flow: 50 speed: 25 
---------------------------------------------------------------------
iteration: 0, packets: 100
start time: 100, end time: 150
total packets sent: 5000
total packets received: 2937
packets dropped: 2405
avg time for pkt to travel aka end-to-end delay: 1.862471
throughput: 479318.400000 bps
packet delivery ratio: 58.740000
packet drop ratio: 48.100000
end-to-end delay: 5470.077375
total energy consumed: 13626.331000
avg delay: 1.862471

other metrics:
node 62 has the most throughput : 52713.600000 bps
average delay: 1.862471
average energy per packet: 4.639541 joules
average energy per bit: 0.000569 joules
average energy per byte: 0.004549 joules
total retransmit: 0

---------------------------------------------------------------------

---------------------------------------------------------------------
iteration: 1, packets: 200
start time: 100, end time: 150
total packets sent: 5000
total packets received: 2180
packets dropped: 3607
avg time for pkt to travel aka end-to-end delay: 1.496231
throughput: 355776.000000 bps
packet delivery ratio: 43.600000
packet drop ratio: 72.140000
end-to-end delay: 3261.783358
total energy consumed: 13603.018000
avg delay: 1.496231

other metrics:
node 96 has the most throughput : 22521.600000 bps
average delay: 1.496231
average energy per packet: 6.239917 joules
average energy per bit: 0.000765 joules
average energy per byte: 0.006118 joules
total retransmit: 0

---------------------------------------------------------------------

---------------------------------------------------------------------
iteration: 2, packets: 300
start time: 100, end time: 150
total packets sent: 5000
total packets received: 2574
packets dropped: 2760
avg time for pkt to travel aka end-to-end delay: 1.274722
throughput: 420076.800000 bps
packet delivery ratio: 51.480000
packet drop ratio: 55.200000
end-to-end delay: 3281.135565
total energy consumed: 13622.901000
avg delay: 1.274722

other metrics:
node 16 has the most throughput : 43737.600000 bps
average delay: 1.274722
average energy per packet: 5.292502 joules
average energy per bit: 0.000649 joules
average energy per byte: 0.005189 joules
total retransmit: 0

---------------------------------------------------------------------

---------------------------------------------------------------------
iteration: 3, packets: 400
start time: 100, end time: 150
total packets sent: 5000
total packets received: 2627
packets dropped: 2757
avg time for pkt to travel aka end-to-end delay: 0.931933
throughput: 428726.400000 bps
packet delivery ratio: 52.540000
packet drop ratio: 55.140000
end-to-end delay: 2448.187784
total energy consumed: 13617.852000
avg delay: 0.931933

other metrics:
node 67 has the most throughput : 31660.800000 bps
average delay: 0.931933
average energy per packet: 5.183804 joules
average energy per bit: 0.000635 joules
average energy per byte: 0.005082 joules
total retransmit: 0

---------------------------------------------------------------------

---------------------------------------------------------------------
iteration: 4, packets: 500
start time: 100, end time: 150
total packets sent: 5000
total packets received: 2883
packets dropped: 2289
avg time for pkt to travel aka end-to-end delay: 1.493099
throughput: 470505.600000 bps
packet delivery ratio: 57.660000
packet drop ratio: 45.780000
end-to-end delay: 4304.604924
total energy consumed: 13634.269000
avg delay: 1.493099

other metrics:
node 15 has the most throughput : 50918.400000 bps
average delay: 1.493099
average energy per packet: 4.729195 joules
average energy per bit: 0.000580 joules
average energy per byte: 0.004636 joules
total retransmit: 0

---------------------------------------------------------------------

varying number of speed. node: 100 flow: 50 packets: 500
---------------------------------------------------------------------
iteration: 0, speed: 5
start time: 100, end time: 150
total packets sent: 5000
total packets received: 3020
packets dropped: 2197
avg time for pkt to travel aka end-to-end delay: 1.096356
throughput: 492864.000000 bps
packet delivery ratio: 60.400000
packet drop ratio: 43.940000
end-to-end delay: 3310.996550
total energy consumed: 13624.073000
avg delay: 1.096356

other metrics:
node 0 has the most throughput : 41942.400000 bps
average delay: 1.096356
average energy per packet: 4.511282 joules
average energy per bit: 0.000553 joules
average energy per byte: 0.004423 joules
total retransmit: 0

---------------------------------------------------------------------

---------------------------------------------------------------------
iteration: 1, speed: 10
start time: 100, end time: 150
total packets sent: 5000
total packets received: 2759
packets dropped: 2642
avg time for pkt to travel aka end-to-end delay: 1.480854
throughput: 450268.800000 bps
packet delivery ratio: 55.180000
packet drop ratio: 52.840000
end-to-end delay: 4085.675240
total energy consumed: 13628.804000
avg delay: 1.480854

other metrics:
node 18 has the most throughput : 30518.400000 bps
average delay: 1.480854
average energy per packet: 4.939762 joules
average energy per bit: 0.000605 joules
average energy per byte: 0.004843 joules
total retransmit: 0

---------------------------------------------------------------------

---------------------------------------------------------------------
iteration: 2, speed: 15
start time: 100, end time: 150
total packets sent: 5000
total packets received: 3198
packets dropped: 2024
avg time for pkt to travel aka end-to-end delay: 1.695725
throughput: 521913.600000 bps
packet delivery ratio: 63.960000
packet drop ratio: 40.480000
end-to-end delay: 5422.930094
total energy consumed: 13620.583000
avg delay: 1.695725

other metrics:
node 96 has the most throughput : 29865.600000 bps
average delay: 1.695725
average energy per packet: 4.259094 joules
average energy per bit: 0.000522 joules
average energy per byte: 0.004176 joules
total retransmit: 0

---------------------------------------------------------------------

---------------------------------------------------------------------
iteration: 3, speed: 20
start time: 100, end time: 150
total packets sent: 5000
total packets received: 2993
packets dropped: 2280
avg time for pkt to travel aka end-to-end delay: 1.341059
throughput: 488457.600000 bps
packet delivery ratio: 59.860000
packet drop ratio: 45.600000
end-to-end delay: 4013.790347
total energy consumed: 13627.305000
avg delay: 1.341059

other metrics:
node 0 has the most throughput : 39004.800000 bps
average delay: 1.341059
average energy per packet: 4.553059 joules
average energy per bit: 0.000558 joules
average energy per byte: 0.004464 joules
total retransmit: 0

---------------------------------------------------------------------

---------------------------------------------------------------------
iteration: 4, speed: 25
start time: 100, end time: 150
total packets sent: 5000
total packets received: 2782
packets dropped: 2596
avg time for pkt to travel aka end-to-end delay: 0.818673
throughput: 454022.400000 bps
packet delivery ratio: 55.640000
packet drop ratio: 51.920000
end-to-end delay: 2277.548486
total energy consumed: 13603.396000
avg delay: 0.818673

other metrics:
node 65 has the most throughput : 43248.000000 bps
average delay: 0.818673
average energy per packet: 4.889790 joules
average energy per bit: 0.000599 joules
average energy per byte: 0.004794 joules
total retransmit: 0

---------------------------------------------------------------------

